2021-05-24 09:21:55,925 WARN  [SoapUI] Missing folder [C:\Users\PrathvirajMeenkeri\Desktop\Project Framework\Product-Repository\ext] for external libraries
2021-05-24 09:21:56,320 INFO  [DefaultSoapUICore] initialized soapui-settings from [C:\Users\PrathvirajMeenkeri\soapui-settings.xml]
2021-05-24 09:21:57,428 INFO  [WsdlProject] Loaded project from [file:/C:/Users/PrathvirajMeenkeri/Desktop/Project%20Framework/Product-Repository/catalogProductRepositoryV1-soapui-project.xml]
2021-05-24 09:21:58,199 INFO  [SoapUITestCaseRunner] Running SoapUI tests in project [catalogProductRepositoryV1]
2021-05-24 09:21:58,202 INFO  [SoapUITestCaseRunner] Running Project [catalogProductRepositoryV1], runType = SEQUENTIAL
2021-05-24 09:21:58,281 INFO  [SoapUITestCaseRunner] Running SoapUI testcase [CPR_SOAP_Testing]
2021-05-24 09:21:58,318 INFO  [SoapUITestCaseRunner] running step [CPR_GetList]
2021-05-24 09:22:12,029 INFO  [SoapUITestCaseRunner] Assertion [SOAP Response] has status VALID
2021-05-24 09:22:12,030 INFO  [SoapUITestCaseRunner] running step [CPR_Save]
2021-05-24 09:22:35,440 INFO  [SchemaUtils] Added default schema from file:/C:/Users/PrathvirajMeenkeri/.m2/repository/com/smartbear/soapui/soapui/5.0.0/soapui-5.0.0.jar!/com/eviware/soapui/resources/xsds/xop.xsd with targetNamespace http://www.w3.org/2004/08/xop/include
2021-05-24 09:22:35,465 INFO  [SchemaUtils] Added default schema from file:/C:/Users/PrathvirajMeenkeri/.m2/repository/com/smartbear/soapui/soapui/5.0.0/soapui-5.0.0.jar!/com/eviware/soapui/resources/xsds/XMLSchema.xsd with targetNamespace http://www.w3.org/2001/XMLSchema
2021-05-24 09:22:35,477 INFO  [SchemaUtils] Added default schema from file:/C:/Users/PrathvirajMeenkeri/.m2/repository/com/smartbear/soapui/soapui/5.0.0/soapui-5.0.0.jar!/com/eviware/soapui/resources/xsds/xml.xsd with targetNamespace http://www.w3.org/XML/1998/namespace
2021-05-24 09:22:35,483 INFO  [SchemaUtils] Added default schema from file:/C:/Users/PrathvirajMeenkeri/.m2/repository/com/smartbear/soapui/soapui/5.0.0/soapui-5.0.0.jar!/com/eviware/soapui/resources/xsds/swaref.xsd with targetNamespace http://ws-i.org/profiles/basic/1.1/xsd
2021-05-24 09:22:35,488 INFO  [SchemaUtils] Added default schema from file:/C:/Users/PrathvirajMeenkeri/.m2/repository/com/smartbear/soapui/soapui/5.0.0/soapui-5.0.0.jar!/com/eviware/soapui/resources/xsds/xmime200505.xsd with targetNamespace http://www.w3.org/2005/05/xmlmime
2021-05-24 09:22:35,496 INFO  [SchemaUtils] Added default schema from file:/C:/Users/PrathvirajMeenkeri/.m2/repository/com/smartbear/soapui/soapui/5.0.0/soapui-5.0.0.jar!/com/eviware/soapui/resources/xsds/xmime200411.xsd with targetNamespace http://www.w3.org/2004/11/xmlmime
2021-05-24 09:22:35,503 INFO  [SchemaUtils] Added default schema from file:/C:/Users/PrathvirajMeenkeri/.m2/repository/com/smartbear/soapui/soapui/5.0.0/soapui-5.0.0.jar!/com/eviware/soapui/resources/xsds/soapEnvelope.xsd with targetNamespace http://schemas.xmlsoap.org/soap/envelope/
2021-05-24 09:22:35,511 INFO  [SchemaUtils] Added default schema from file:/C:/Users/PrathvirajMeenkeri/.m2/repository/com/smartbear/soapui/soapui/5.0.0/soapui-5.0.0.jar!/com/eviware/soapui/resources/xsds/soapEncoding.xsd with targetNamespace http://schemas.xmlsoap.org/soap/encoding/
2021-05-24 09:22:35,518 INFO  [SchemaUtils] Added default schema from file:/C:/Users/PrathvirajMeenkeri/.m2/repository/com/smartbear/soapui/soapui/5.0.0/soapui-5.0.0.jar!/com/eviware/soapui/resources/xsds/soapEnvelope12.xsd with targetNamespace http://www.w3.org/2003/05/soap-envelope
2021-05-24 09:22:35,524 INFO  [SchemaUtils] Added default schema from file:/C:/Users/PrathvirajMeenkeri/.m2/repository/com/smartbear/soapui/soapui/5.0.0/soapui-5.0.0.jar!/com/eviware/soapui/resources/xsds/soapEncoding12.xsd with targetNamespace http://www.w3.org/2003/05/soap-encoding
2021-05-24 09:22:35,527 INFO  [SchemaUtils] Loading schema types from [file:\C:\Users\PrathvirajMeenkeri\Desktop\Prathvi\IBM%20Training\API%20Middleware%20IBM%20Upskill\Project\Assignment_Projects\SOAP%20API%20WSDL%20EndPoints\SOAP%20API%20WSDL%20EndPoints\catalogProductRepositoryV1.xml]
2021-05-24 09:22:35,529 INFO  [SchemaUtils] Getting schema file:\C:\Users\PrathvirajMeenkeri\Desktop\Prathvi\IBM%20Training\API%20Middleware%20IBM%20Upskill\Project\Assignment_Projects\SOAP%20API%20WSDL%20EndPoints\SOAP%20API%20WSDL%20EndPoints\catalogProductRepositoryV1.xml
2021-05-24 09:22:36,237 WARN  [WsdlValidator] Missing matching Fault in wsdl for bindingOperation [catalogProductRepositoryV1Save]
2021-05-24 09:22:36,246 INFO  [SoapUITestCaseRunner] Assertion [SOAP Response] has status VALID
2021-05-24 09:22:36,248 INFO  [SoapUITestCaseRunner] Assertion [Schema Compliance] has status VALID
2021-05-24 09:22:36,248 INFO  [SoapUITestCaseRunner] Assertion [Not SOAP Fault] has status FAILED
2021-05-24 09:22:36,250 ERROR [SoapUITestCaseRunner] ASSERTION FAILED -> Response is a SOAP Fault
2021-05-24 09:22:36,251 ERROR [SoapUITestCaseRunner] CPR_Save failed, exporting to [C:\Users\PrathvirajMeenkeri\Desktop\Project Framework\Product-Repository\target/surefire-reports\CPR_TestSuite-CPR_SOAP_Testing-CPR_Save-0-FAILED.txt]
2021-05-24 09:22:36,280 INFO  [SoapUITestCaseRunner] Finished running SoapUI testcase [CPR_SOAP_Testing], time taken: 37913ms, status: FAILED
2021-05-24 09:22:36,290 INFO  [SoapUITestCaseRunner] Running SoapUI testcase [CPR_Property_PropertyTransfer]
2021-05-24 09:22:36,292 INFO  [SoapUITestCaseRunner] running step [Properties]
2021-05-24 09:22:36,308 INFO  [SoapUITestCaseRunner] running step [CPR_GetList]
2021-05-24 09:22:39,633 INFO  [SoapUITestCaseRunner] Assertion [SOAP Response] has status VALID
2021-05-24 09:22:39,642 INFO  [SoapUITestCaseRunner] running step [Generate_SKU]
2021-05-24 09:22:40,378 INFO  [log] SKU000221
2021-05-24 09:22:40,380 INFO  [log] SKU00126
2021-05-24 09:22:40,382 INFO  [log] SKU00120
2021-05-24 09:22:40,383 INFO  [log] SKU00121
2021-05-24 09:22:40,383 INFO  [log] SKU00123
2021-05-24 09:22:40,384 INFO  [log] SKU00125
2021-05-24 09:22:40,386 INFO  [log] $SKUID
2021-05-24 09:22:40,386 INFO  [log] ABCZYX121293
2021-05-24 09:22:40,387 INFO  [log] SKU11111
2021-05-24 09:22:40,388 INFO  [log] FENIMSOW268
2021-05-24 09:22:40,388 INFO  [log] SKU00003
2021-05-24 09:22:40,390 INFO  [log] SKU00016
2021-05-24 09:22:40,391 INFO  [log] SKU00012
2021-05-24 09:22:40,393 INFO  [log] SKU00018
2021-05-24 09:22:40,393 INFO  [log] SKU00020
2021-05-24 09:22:40,395 INFO  [log] SKU0090
2021-05-24 09:22:40,395 INFO  [log] SKU90002
2021-05-24 09:22:40,396 INFO  [log] SKU118663
2021-05-24 09:22:40,400 INFO  [log] SKU149600
2021-05-24 09:22:40,400 INFO  [log] SKU0111
2021-05-24 09:22:40,401 INFO  [log] SKU139324
2021-05-24 09:22:40,402 INFO  [log] SKU077001
2021-05-24 09:22:40,402 INFO  [log] SKU00014
2021-05-24 09:22:40,403 INFO  [log] SKU00122
2021-05-24 09:22:40,403 INFO  [log] SKU00124
2021-05-24 09:22:40,404 INFO  [log] SKU00127
2021-05-24 09:22:40,405 INFO  [log] SKU00128
2021-05-24 09:22:40,406 INFO  [log] SKU00129
2021-05-24 09:22:40,407 INFO  [SoapUITestCaseRunner] running step [Product_SKU_Name]
2021-05-24 09:22:40,418 INFO  [SoapUITestCaseRunner] running step [CPR_Save]
2021-05-24 09:22:43,061 WARN  [WsdlValidator] Missing matching Fault in wsdl for bindingOperation [catalogProductRepositoryV1Save]
2021-05-24 09:22:43,078 INFO  [SoapUITestCaseRunner] Assertion [SOAP Response] has status VALID
2021-05-24 09:22:43,079 INFO  [SoapUITestCaseRunner] Assertion [Schema Compliance] has status VALID
2021-05-24 09:22:43,081 INFO  [SoapUITestCaseRunner] Assertion [Not SOAP Fault] has status FAILED
2021-05-24 09:22:43,083 ERROR [SoapUITestCaseRunner] ASSERTION FAILED -> Response is a SOAP Fault
2021-05-24 09:22:43,084 INFO  [SoapUITestCaseRunner] Assertion [XPath Match] has status FAILED
2021-05-24 09:22:43,087 ERROR [SoapUITestCaseRunner] ASSERTION FAILED -> XPathContains assertion failed for path [declare namespace env='http://www.w3.org/2003/05/soap-envelope';
declare namespace ns1='http://soap.upskills.in/soap/default?services=catalogProductRepositoryV1';
//*:name] : Exception:Missing content for xpath [declare namespace env='http://www.w3.org/2003/05/soap-envelope';
declare namespace ns1='http://soap.upskills.in/soap/default?services=catalogProductRepositoryV1';
//*:name] in Response
2021-05-24 09:22:43,106 ERROR [SoapUITestCaseRunner] CPR_Save failed, exporting to [C:\Users\PrathvirajMeenkeri\Desktop\Project Framework\Product-Repository\target/surefire-reports\CPR_Functional_Testing-CPR_Property_PropertyTransfer-CPR_Save-0-FAILED.txt]
2021-05-24 09:22:43,124 INFO  [SoapUITestCaseRunner] Finished running SoapUI testcase [CPR_Property_PropertyTransfer], time taken: 6764ms, status: FAILED
2021-05-24 09:22:43,137 INFO  [SoapUITestCaseRunner] Running SoapUI testcase [CPR_Property_Expansion]
2021-05-24 09:22:43,140 INFO  [SoapUITestCaseRunner] running step [Properties]
2021-05-24 09:22:43,145 INFO  [SoapUITestCaseRunner] running step [Generate_SKU]
2021-05-24 09:22:43,213 INFO  [SoapUITestCaseRunner] running step [CPR_Save]
2021-05-24 09:22:45,523 WARN  [WsdlValidator] Missing matching Fault in wsdl for bindingOperation [catalogProductRepositoryV1Save]
2021-05-24 09:22:45,532 INFO  [SoapUITestCaseRunner] Assertion [SOAP Response] has status VALID
2021-05-24 09:22:45,533 INFO  [SoapUITestCaseRunner] Assertion [Schema Compliance] has status VALID
2021-05-24 09:22:45,537 INFO  [SoapUITestCaseRunner] Assertion [Not SOAP Fault] has status FAILED
2021-05-24 09:22:45,539 ERROR [SoapUITestCaseRunner] ASSERTION FAILED -> Response is a SOAP Fault
2021-05-24 09:22:45,540 ERROR [SoapUITestCaseRunner] CPR_Save failed, exporting to [C:\Users\PrathvirajMeenkeri\Desktop\Project Framework\Product-Repository\target/surefire-reports\CPR_Functional_Testing-CPR_Property_Expansion-CPR_Save-0-FAILED.txt]
2021-05-24 09:22:45,567 INFO  [SoapUITestCaseRunner] Finished running SoapUI testcase [CPR_Property_Expansion], time taken: 2382ms, status: FAILED
2021-05-24 09:22:45,580 INFO  [SoapUITestCaseRunner] Running SoapUI testcase [RUN_CPR_BY_SCRIPT]
2021-05-24 09:22:45,582 INFO  [SoapUITestCaseRunner] running step [Properties]
2021-05-24 09:22:45,585 INFO  [SoapUITestCaseRunner] running step [CPR_GetList]
2021-05-24 09:22:46,986 INFO  [SoapUITestCaseRunner] Assertion [SOAP Response] has status VALID
2021-05-24 09:22:46,988 INFO  [SoapUITestCaseRunner] running step [CPR_Save]
2021-05-24 09:22:49,782 WARN  [WsdlValidator] Missing matching Fault in wsdl for bindingOperation [catalogProductRepositoryV1Save]
2021-05-24 09:22:49,791 INFO  [SoapUITestCaseRunner] Assertion [SOAP Response] has status VALID
2021-05-24 09:22:49,792 INFO  [SoapUITestCaseRunner] Assertion [Schema Compliance] has status VALID
2021-05-24 09:22:49,797 INFO  [SoapUITestCaseRunner] Assertion [Not SOAP Fault] has status FAILED
2021-05-24 09:22:49,799 ERROR [SoapUITestCaseRunner] ASSERTION FAILED -> Response is a SOAP Fault
2021-05-24 09:22:49,808 ERROR [SoapUITestCaseRunner] CPR_Save failed, exporting to [C:\Users\PrathvirajMeenkeri\Desktop\Project Framework\Product-Repository\target/surefire-reports\CPR_Functional_Testing-RUN_CPR_BY_SCRIPT-CPR_Save-0-FAILED.txt]
2021-05-24 09:22:49,824 INFO  [SoapUITestCaseRunner] Finished running SoapUI testcase [RUN_CPR_BY_SCRIPT], time taken: 4197ms, status: FAILED
2021-05-24 09:22:49,841 INFO  [SoapUITestCaseRunner] Running SoapUI testcase [Product_Repository]
2021-05-24 09:22:49,843 INFO  [SoapUITestCaseRunner] running step [Properties]
2021-05-24 09:22:49,846 INFO  [SoapUITestCaseRunner] running step [CPR_Save]
2021-05-24 09:22:54,587 INFO  [SoapUITestCaseRunner] Assertion [SOAP Response] has status VALID
2021-05-24 09:22:54,588 INFO  [SoapUITestCaseRunner] Assertion [Schema Compliance] has status VALID
2021-05-24 09:22:54,589 INFO  [SoapUITestCaseRunner] Assertion [Not SOAP Fault] has status VALID
2021-05-24 09:22:54,590 INFO  [SoapUITestCaseRunner] running step [CPR_GetBySku]
2021-05-24 09:22:56,132 INFO  [SoapUITestCaseRunner] Assertion [SOAP Response] has status VALID
2021-05-24 09:22:56,133 INFO  [SoapUITestCaseRunner] Assertion [Schema Compliance] has status VALID
2021-05-24 09:22:56,133 INFO  [SoapUITestCaseRunner] Assertion [Not SOAP Fault] has status VALID
2021-05-24 09:22:56,134 INFO  [SoapUITestCaseRunner] running step [CPR_GetList]
2021-05-24 09:22:58,057 INFO  [SoapUITestCaseRunner] Assertion [SOAP Response] has status VALID
2021-05-24 09:22:58,061 INFO  [SoapUITestCaseRunner] running step [CPR_DeleteById]
2021-05-24 09:23:00,164 INFO  [SoapUITestCaseRunner] Assertion [SOAP Response] has status VALID
2021-05-24 09:23:00,165 INFO  [SoapUITestCaseRunner] Assertion [Schema Compliance] has status VALID
2021-05-24 09:23:00,174 INFO  [SoapUITestCaseRunner] Assertion [Not SOAP Fault] has status VALID
2021-05-24 09:23:00,179 INFO  [SoapUITestCaseRunner] Finished running SoapUI testcase [Product_Repository], time taken: 10297ms, status: FINISHED
2021-05-24 09:23:00,183 INFO  [SoapUITestCaseRunner] Running SoapUI testcase [CPR_GroovyScript]
2021-05-24 09:23:00,192 INFO  [SoapUITestCaseRunner] running step [Execute_By_Script]
2021-05-24 09:23:00,277 INFO  [log] SKU206891
2021-05-24 09:23:00,314 INFO  [SoapUITestCaseRunner] Running SoapUI testcase [RUN_CPR_BY_SCRIPT]
2021-05-24 09:23:00,317 INFO  [SoapUITestCaseRunner] running step [Properties]
2021-05-24 09:23:00,318 INFO  [SoapUITestCaseRunner] running step [CPR_GetList]
2021-05-24 09:23:01,837 INFO  [SoapUITestCaseRunner] Assertion [SOAP Response] has status VALID
2021-05-24 09:23:01,844 INFO  [SoapUITestCaseRunner] running step [CPR_Save]
2021-05-24 09:23:03,169 WARN  [WsdlValidator] Missing matching Fault in wsdl for bindingOperation [catalogProductRepositoryV1Save]
2021-05-24 09:23:03,176 INFO  [SoapUITestCaseRunner] Assertion [SOAP Response] has status VALID
2021-05-24 09:23:03,186 INFO  [SoapUITestCaseRunner] Assertion [Schema Compliance] has status VALID
2021-05-24 09:23:03,189 INFO  [SoapUITestCaseRunner] Assertion [Not SOAP Fault] has status FAILED
2021-05-24 09:23:03,192 ERROR [SoapUITestCaseRunner] ASSERTION FAILED -> Response is a SOAP Fault
2021-05-24 09:23:03,195 ERROR [SoapUITestCaseRunner] CPR_Save failed, exporting to [C:\Users\PrathvirajMeenkeri\Desktop\Project Framework\Product-Repository\target/surefire-reports\CPR_Functional_Testing-RUN_CPR_BY_SCRIPT-CPR_Save-0-FAILED.txt]
2021-05-24 09:23:03,221 INFO  [SoapUITestCaseRunner] Finished running SoapUI testcase [RUN_CPR_BY_SCRIPT], time taken: 2802ms, status: FAILED
2021-05-24 09:23:03,225 INFO  [SoapUITestCaseRunner] running step [DataDriver_Testing]
2021-05-24 09:23:03,580 INFO  [log] The number of rows are 2 and columns are 2 
2021-05-24 09:23:03,593 INFO  [SoapUITestCaseRunner] Running SoapUI testcase [Product_Repository]
2021-05-24 09:23:03,593 INFO  [SoapUITestCaseRunner] running step [Properties]
2021-05-24 09:23:03,595 INFO  [SoapUITestCaseRunner] running step [CPR_Save]
2021-05-24 09:23:06,087 INFO  [SoapUITestCaseRunner] Assertion [SOAP Response] has status VALID
2021-05-24 09:23:06,090 INFO  [SoapUITestCaseRunner] Assertion [Schema Compliance] has status VALID
2021-05-24 09:23:06,093 INFO  [SoapUITestCaseRunner] Assertion [Not SOAP Fault] has status VALID
2021-05-24 09:23:06,100 INFO  [SoapUITestCaseRunner] running step [CPR_GetBySku]
2021-05-24 09:23:07,036 INFO  [SoapUITestCaseRunner] Assertion [SOAP Response] has status VALID
2021-05-24 09:23:07,036 INFO  [SoapUITestCaseRunner] Assertion [Schema Compliance] has status VALID
2021-05-24 09:23:07,038 INFO  [SoapUITestCaseRunner] Assertion [Not SOAP Fault] has status VALID
2021-05-24 09:23:07,039 INFO  [SoapUITestCaseRunner] running step [CPR_GetList]
2021-05-24 09:23:08,298 INFO  [SoapUITestCaseRunner] Assertion [SOAP Response] has status VALID
2021-05-24 09:23:08,300 INFO  [SoapUITestCaseRunner] running step [CPR_DeleteById]
2021-05-24 09:23:09,615 INFO  [SoapUITestCaseRunner] Assertion [SOAP Response] has status VALID
2021-05-24 09:23:09,620 INFO  [SoapUITestCaseRunner] Assertion [Schema Compliance] has status VALID
2021-05-24 09:23:09,621 INFO  [SoapUITestCaseRunner] Assertion [Not SOAP Fault] has status VALID
2021-05-24 09:23:09,624 INFO  [SoapUITestCaseRunner] Finished running SoapUI testcase [Product_Repository], time taken: 5979ms, status: FINISHED
2021-05-24 09:23:09,627 INFO  [log] FINISHED
2021-05-24 09:23:09,630 INFO  [log] 5979
2021-05-24 09:23:09,699 INFO  [log] 5
2021-05-24 09:23:09,700 INFO  [SoapUITestCaseRunner] running step [JDBCRequest]
2021-05-24 09:23:10,144 INFO  [SoapUITestCaseRunner] Assertion [Response SLA] has status VALID
2021-05-24 09:23:10,145 INFO  [SoapUITestCaseRunner] running step [DataBase_Testing]
2021-05-24 09:23:10,207 INFO  [log] Product Repository SKU is -> SKU0002790 , Product Name -> Macbook Air30
2021-05-24 09:23:10,209 INFO  [SoapUITestCaseRunner] Running SoapUI testcase [Product_Repository]
2021-05-24 09:23:10,210 INFO  [SoapUITestCaseRunner] running step [Properties]
2021-05-24 09:23:10,214 INFO  [SoapUITestCaseRunner] running step [CPR_Save]
2021-05-24 09:23:11,573 INFO  [SoapUITestCaseRunner] Assertion [SOAP Response] has status VALID
2021-05-24 09:23:11,609 INFO  [SoapUITestCaseRunner] Assertion [Schema Compliance] has status VALID
2021-05-24 09:23:11,613 INFO  [SoapUITestCaseRunner] Assertion [Not SOAP Fault] has status VALID
2021-05-24 09:23:11,625 INFO  [SoapUITestCaseRunner] running step [CPR_GetBySku]
2021-05-24 09:23:12,606 INFO  [SoapUITestCaseRunner] Assertion [SOAP Response] has status VALID
2021-05-24 09:23:12,608 INFO  [SoapUITestCaseRunner] Assertion [Schema Compliance] has status VALID
2021-05-24 09:23:12,613 INFO  [SoapUITestCaseRunner] Assertion [Not SOAP Fault] has status VALID
2021-05-24 09:23:12,625 INFO  [SoapUITestCaseRunner] running step [CPR_GetList]
2021-05-24 09:23:13,823 INFO  [SoapUITestCaseRunner] Assertion [SOAP Response] has status VALID
2021-05-24 09:23:13,824 INFO  [SoapUITestCaseRunner] running step [CPR_DeleteById]
2021-05-24 09:23:15,267 INFO  [SoapUITestCaseRunner] Assertion [SOAP Response] has status VALID
2021-05-24 09:23:15,268 INFO  [SoapUITestCaseRunner] Assertion [Schema Compliance] has status VALID
2021-05-24 09:23:15,270 INFO  [SoapUITestCaseRunner] Assertion [Not SOAP Fault] has status VALID
2021-05-24 09:23:15,276 INFO  [SoapUITestCaseRunner] Finished running SoapUI testcase [Product_Repository], time taken: 4956ms, status: FINISHED
2021-05-24 09:23:15,284 INFO  [log] Test Step Status FINISHED
2021-05-24 09:23:15,286 INFO  [log] Time taken to execute 4956
2021-05-24 09:23:15,300 INFO  [log] Product Repository SKU is -> SKU0002791 , Product Name -> Macbook Air31
2021-05-24 09:23:15,307 INFO  [SoapUITestCaseRunner] Running SoapUI testcase [Product_Repository]
2021-05-24 09:23:15,311 INFO  [SoapUITestCaseRunner] running step [Properties]
2021-05-24 09:23:15,312 INFO  [SoapUITestCaseRunner] running step [CPR_Save]
2021-05-24 09:23:17,301 INFO  [SoapUITestCaseRunner] Assertion [SOAP Response] has status VALID
2021-05-24 09:23:17,304 INFO  [SoapUITestCaseRunner] Assertion [Schema Compliance] has status VALID
2021-05-24 09:23:17,307 INFO  [SoapUITestCaseRunner] Assertion [Not SOAP Fault] has status VALID
2021-05-24 09:23:17,315 INFO  [SoapUITestCaseRunner] running step [CPR_GetBySku]
2021-05-24 09:23:19,018 INFO  [SoapUITestCaseRunner] Assertion [SOAP Response] has status VALID
2021-05-24 09:23:19,024 INFO  [SoapUITestCaseRunner] Assertion [Schema Compliance] has status VALID
2021-05-24 09:23:19,026 INFO  [SoapUITestCaseRunner] Assertion [Not SOAP Fault] has status VALID
2021-05-24 09:23:19,029 INFO  [SoapUITestCaseRunner] running step [CPR_GetList]
2021-05-24 09:23:20,575 INFO  [SoapUITestCaseRunner] Assertion [SOAP Response] has status VALID
2021-05-24 09:23:20,576 INFO  [SoapUITestCaseRunner] running step [CPR_DeleteById]
2021-05-24 09:23:22,078 INFO  [SoapUITestCaseRunner] Assertion [SOAP Response] has status VALID
2021-05-24 09:23:22,079 INFO  [SoapUITestCaseRunner] Assertion [Schema Compliance] has status VALID
2021-05-24 09:23:22,088 INFO  [SoapUITestCaseRunner] Assertion [Not SOAP Fault] has status VALID
2021-05-24 09:23:22,090 INFO  [SoapUITestCaseRunner] Finished running SoapUI testcase [Product_Repository], time taken: 6722ms, status: FINISHED
2021-05-24 09:23:22,094 INFO  [log] Test Step Status FINISHED
2021-05-24 09:23:22,100 INFO  [log] Time taken to execute 6722
2021-05-24 09:23:22,103 INFO  [SoapUITestCaseRunner] Finished running SoapUI testcase [CPR_GroovyScript], time taken: 21890ms, status: FINISHED
2021-05-24 09:23:22,107 INFO  [SoapUITestCaseRunner] Project [catalogProductRepositoryV1] finished with status [FAILED] in 83892ms
